INFO : Framebuffer info: FrameBufferInfo { byte_len: 2764800, width: 1280, height: 720, pixel_format: Bgr, bytes_per_pixel: 3, stride: 1280 }
INFO : 4th Stage
INFO : BiosInfo { stage_4: Region { start: 130000, len: 28c00 }, kernel: Region { start: 1000000, len: e5a28 }, ramdisk: Region { start: 10e6000, len: 0 }, config_file: Region { start: 10e6000, len: 0 }, last_used_addr: 10e5fff, framebuffer: BiosFramebufferInfo { region: Region { start: fd000000, len: 2a3000 }, width: 500, height: 2d0, bytes_per_pixel: 3, stride: 500, pixel_format: Bgr }, memory_map_addr: e83c, memory_map_len: 7 }
INFO : BIOS boot
INFO : Elf file loaded at 0x0000000001000000
INFO : virtual_address_offset: 0x8000000000
INFO : Handling Segment: Ph64(ProgramHeader64 { type_: Ok(Load), flags: Flags(4), offset: 0, virtual_addr: 0, physical_addr: 0, file_size: 4ba2, mem_size: 4ba2, align: 1000 })
INFO : Handling Segment: Ph64(ProgramHeader64 { type_: Ok(Load), flags: Flags(5), offset: 4bb0, virtual_addr: 5bb0, physical_addr: 5bb0, file_size: 1b576, mem_size: 1b576, align: 1000 })
INFO : Handling Segment: Ph64(ProgramHeader64 { type_: Ok(Load), flags: Flags(6), offset: 20128, virtual_addr: 22128, physical_addr: 22128, file_size: 1918, mem_size: 1918, align: 1000 })
INFO : Handling Segment: Ph64(ProgramHeader64 { type_: Ok(Load), flags: Flags(6), offset: 21a40, virtual_addr: 24a40, physical_addr: 24a40, file_size: 9a, mem_size: 7a40, align: 1000 })
INFO : Mapping bss section
INFO : Entry point at: 0x8000006140
INFO : Creating GDT at PhysAddr(0x110f000)
INFO : Map framebuffer
INFO : Allocate bootinfo
INFO : Create Memory Map
INFO : Create bootinfo
INFO : Jumping to kernel entry point at VirtAddr(0x8000006140)
Screen cleared
Hardware initialized
Initializing IDT
IDT initialized
GDT initialized
Interrupts enabled
Entered loop
Got lock
Sleeping
Woke up
Entered loop
Got lock
Sleeping
Woke up
Entered loop
Got lock
Sleeping
Woke up
Entered loop
Got lock
Sleeping
Woke up
Entered loop
Got lock
Sleeping
Woke up
Entered loop
Got lock
Sleeping
Woke up
Entered loop
Got lock
Sleeping
Woke up
Entered loop
Got lock
Sleeping
Woke up
Entered loop
Got lock
Sleeping
Woke up
Entered loop
Got lock
Sleeping
Woke up
Entered loop
Got lock
Sleeping
Woke up
Entered loop
Got lock
Sleeping
Woke up
Entered loop
Got lock
Sleeping
Woke up
Entered loop
Got lock
Sleeping
Woke up
Entered loop
Got lock
Sleeping
Woke up
Entered loop
Got lock
Sleeping
Woke up
Entered loop
Got lock
Sleeping
Woke up
Entered loop
Got lock
Sleeping
Woke up
Entered loop
Got lock
Sleeping
Woke up
Entered loop
Got lock
Sleeping
Woke up
Entered loop
Got lock
Sleeping
Woke up
Entered loop
Got lock
Sleeping
Woke up
Entered loop
Got lock
Sleeping
Woke up
Entered loop
Got lock
Sleeping
Woke up
Entered loop
Got lock
Sleeping
Woke up
Entered loop
Got lock
Sleeping
Woke up
Entered loop
Got lock
Sleeping
Woke up
Entered loop
Got lock
Sleeping
Woke up
Entered loop
Got lock
Sleeping
Woke up
Entered loop
Got lock
Sleeping
Woke up
Entered loop
Got lock
Sleeping
Woke up
Entered loop
Got lock
Sleeping
Woke up
Entered loop
Got lock
Sleeping
Woke up
Entered loop
Got lock
Sleeping
Woke up
Entered loop
Got lock
Sleeping
Woke up
Entered loop
Got lock
Sleeping
Woke up
Entered loop
Got lock
Sleeping
Woke up
Entered loop
Got lock
Sleeping
Woke up
Entered loop
Got lock
Sleeping
Woke up
Entered loop
Got lock
Sleeping
Woke up
Entered loop
Got lock
Sleeping
Woke up
Entered loop
Got lock
Sleeping
Woke up
Entered loop
Got lock
Sleeping
Woke up
Entered loop
Got lock
Sleeping
Woke up
Entered loop
Got lock
Sleeping
Woke up
Entered loop
Got lock
Sleeping
Woke up
Entered loop
Got lock
Sleeping
Woke up
Entered loop
Got lock
Sleeping
Woke up
Entered loop
Got lock
Sleeping
Woke up
Entered loop
Got lock
Sleeping
Woke up
Entered loop
Got lock
Sleeping
Woke up
Entered loop
Got lock
Sleeping
Woke up
Entered loop
Got lock
Sleeping
Woke up
Entered loop
Got lock
Sleeping
Woke up
Entered loop
Got lock
Sleeping
Woke up
Entered loop
Got lock
Sleeping
Woke up
Entered loop
Got lock
Sleeping
Woke up
Entered loop
Got lock
Sleeping
Woke up
Entered loop
Got lock
Sleeping
Woke up
Entered loop
Got lock
Sleeping
Woke up
Entered loop
Got lock
Sleeping
Woke up
Entered loop
Got lock
Sleeping
Woke up
Entered loop
Got lock
Sleeping
Woke up
Entered loop
Got lock
Sleeping
Woke up
Entered loop
Got lock
Sleeping
Woke up
Entered loop
Got lock
Sleeping
Woke up
Entered loop
Got lock
Sleeping
Woke up
Entered loop
Got lock
Sleeping
Woke up
Entered loop
Got lock
Sleeping
Woke up
Entered loop
Got lock
Sleeping
Woke up
Entered loop
Got lock
Sleeping
Woke up
Entered loop
Got lock
Sleeping
Woke up
Entered loop
Got lock
Sleeping
Woke up
Entered loop
Got lock
Sleeping
Woke up
Entered loop
Got lock
Sleeping
Woke up
Entered loop
Got lock
Sleeping
Woke up
Entered loop
Got lock
Sleeping
Woke up
Entered loop
Got lock
Sleeping
Woke up
Entered loop
Got lock
Sleeping
Woke up
Entered loop
Got lock
Sleeping
Woke up
Entered loop
Got lock
Sleeping
Woke up
Entered loop
Got lock
Sleeping
Woke up
Entered loop
Got lock
Sleeping
Woke up
Entered loop
Got lock
Sleeping
Woke up
Entered loop
Got lock
Sleeping
Woke up
Entered loop
Got lock
Sleeping
Woke up
Entered loop
Got lock
Sleeping
Woke up
Entered loop
Got lock
Sleeping
Woke up
Entered loop
Got lock
Sleeping
Woke up
Entered loop
Got lock
Sleeping
Woke up
Entered loop
Got lock
Sleeping
Woke up
Entered loop
Got lock
Sleeping
Woke up
Entered loop
Got lock
Sleeping
Woke up
Entered loop
Got lock
Sleeping
Woke up
Entered loop
Got lock
Sleeping
Woke up
Entered loop
Got lock
Sleeping
Woke up
Entered loop
Got lock
Sleeping
Woke up
Entered loop
Got lock
Sleeping
Woke up
Entered loop
Got lock
Sleeping
Woke up
Entered loop
Got lock
Sleeping
Woke up
Entered loop
Got lock
Sleeping
Woke up
Entered loop
Got lock
Sleeping
Woke up
Entered loop
Got lock
Sleeping
Woke up
Entered loop
Got lock
Sleeping
Woke up
Entered loop
Got lock
Sleeping
Woke up
Entered loop
Got lock
Sleeping
Woke up
Entered loop
Got lock
Sleeping
Woke up
Entered loop
Got lock
Sleeping
Woke up
Entered loop
Got lock
Sleeping
Woke up
Entered loop
Got lock
Sleeping
Woke up
Entered loop
Got lock
Sleeping
Woke up
Entered loop
Got lock
Sleeping
Woke up
Entered loop
Got lock
Sleeping
Woke up
Entered loop
Got lock
Sleeping
Woke up
Entered loop
Got lock
Sleeping
Woke up
Entered loop
Got lock
Sleeping
Woke up
Entered loop
Got lock
Sleeping
Woke up
Entered loop
Got lock
Sleeping
Woke up
Entered loop
Got lock
Sleeping
Woke up
Entered loop
Got lock
Sleeping
Woke up
Entered loop
Got lock
Sleeping
Woke up
Entered loop
Got lock
Sleeping
Woke up
Entered loop
Got lock
Sleeping
Woke up
Entered loop
Got lock
Sleeping
Woke up
Entered loop
Got lock
Sleeping
Woke up
Entered loop
Got lock
Sleeping
Woke up
Entered loop
Got lock
Sleeping
Woke up
Entered loop
Got lock
Sleeping
Woke up
Entered loop
Got lock
Sleeping
Woke up
Entered loop
Got lock
Sleeping
Woke up
Entered loop
Got lock
Sleeping
Woke up
Entered loop
Got lock
Sleeping
Woke up
Entered loop
Got lock
Sleeping
Woke up
Entered loop
Got lock
Sleeping
Woke up
Entered loop
Got lock
Sleeping
Woke up
Entered loop
Got lock
Sleeping
Woke up
Entered loop
Got lock
Sleeping
Woke up
Entered loop
Got lock
Sleeping
Woke up
Entered loop
Got lock
Sleeping
Woke up
Entered loop
Got lock
Sleeping
Woke up
Entered loop
Got lock
Sleeping
Woke up
Entered loop
Got lock
Sleeping
Woke up
Entered loop
Got lock
Sleeping
Woke up
Entered loop
Got lock
Sleeping
Woke up
Entered loop
Got lock
Sleeping
Woke up
Entered loop
Got lock
Sleeping
Woke up
Entered loop
Got lock
Sleeping
Woke up
Entered loop
Got lock
Sleeping
Woke up
Entered loop
Got lock
Sleeping
Woke up
Entered loop
Got lock
Sleeping
Woke up
Entered loop
Got lock
Sleeping
Woke up
Entered loop
Got lock
Sleeping
Woke up
Entered loop
Got lock
Sleeping
Woke up
Entered loop
Got lock
Sleeping
Woke up
Entered loop
Got lock
Sleeping
Woke up
Entered loop
Got lock
Sleeping
Woke up
Entered loop
Got lock
Sleeping
Woke up
Entered loop
Got lock
Sleeping
Woke up
Entered loop
Got lock
Sleeping
Woke up
Entered loop
Got lock
Sleeping
Woke up
Entered loop
Got lock
Sleeping
Woke up
Entered loop
Got lock
Sleeping
Woke up
Entered loop
Got lock
Sleeping
Woke up
Entered loop
Got lock
Sleeping
Woke up
Entered loop
Got lock
Sleeping
Woke up
Entered loop
Got lock
Sleeping
Woke up
Entered loop
Got lock
Sleeping
Woke up
Entered loop
Got lock
Sleeping
Woke up
Entered loop
Got lock
Sleeping
Woke up
Entered loop
Got lock
Sleeping
Woke up
Entered loop
Got lock
Sleeping
Woke up
Entered loop
Got lock
Sleeping
Woke up
Entered loop
Got lock
Sleeping
Woke up
Entered loop
Got lock
Sleeping
Woke up
Entered loop
Got lock
Sleeping
Woke up
Entered loop
Got lock
Sleeping
Woke up
Entered loop
Got lock
Sleeping
Woke up
Entered loop
Got lock
Sleeping
Woke up
Entered loop
Got lock
Sleeping
Woke up
Entered loop
Got lock
Sleeping
Woke up
Entered loop
Got lock
Sleeping
Woke up
Entered loop
Got lock
Sleeping
Woke up
Entered loop
Got lock
Sleeping
Woke up
Entered loop
Got lock
Sleeping
Woke up
Entered loop
Got lock
Sleeping
Woke up
Entered loop
Got lock
Sleeping
Woke up
Entered loop
Got lock
Sleeping
Woke up
Entered loop
Got lock
Sleeping
Woke up
Entered loop
Got lock
Sleeping
Woke up
Entered loop
Got lock
Sleeping
Woke up
Entered loop
Got lock
Sleeping
Woke up
Entered loop
Got lock
Sleeping
Woke up
Entered loop
Got lock
Sleeping
Woke up
Entered loop
Got lock
Sleeping
Woke up
Entered loop
Got lock
Sleeping
Woke up
Entered loop
Got lock
Sleeping
Woke up
Entered loop
Got lock
Sleeping
Woke up
Entered loop
Got lock
Sleeping
Woke up
Entered loop
Got lock
Sleeping
Woke up
Entered loop
Got lock
Sleeping
Woke up
Entered loop
Got lock
Sleeping
Woke up
Entered loop
Got lock
Sleeping
Woke up
Entered loop
Got lock
Sleeping
Woke up
Entered loop
Got lock
Sleeping
Woke up
Entered loop
Got lock
Sleeping
Woke up
Entered loop
Got lock
Sleeping
Woke up
Entered loop
Got lock
Sleeping
Woke up
Entered loop
Got lock
Sleeping
Woke up
Entered loop
Got lock
Sleeping
Woke up
Entered loop
Got lock
Sleeping
Woke up
Entered loop
Got lock
Sleeping
Woke up
Entered loop
Got lock
Sleeping
Woke up
Entered loop
Got lock
Sleeping
Woke up
Entered loop
Got lock
Sleeping
Woke up
Entered loop
Got lock
Sleeping
Woke up
Entered loop
Got lock
Sleeping
Woke up
Entered loop
Got lock
Sleeping
Woke up
Entered loop
Got lock
Sleeping
Woke up
Entered loop
Got lock
Sleeping
Woke up
Entered loop
Got lock
Sleeping
Woke up
Entered loop
Got lock
Sleeping
Woke up
Entered loop
Got lock
Sleeping
Woke up
Entered loop
Got lock
Sleeping
Woke up
Entered loop
Got lock
Sleeping
Woke up
Entered loop
Got lock
Sleeping
Woke up
Entered loop
Got lock
Sleeping
Woke up
Entered loop
Got lock
Sleeping
Woke up
Entered loop
Got lock
Sleeping
Woke up
Entered loop
Got lock
Sleeping
Woke up
Entered loop
Got lock
Sleeping
Woke up
Entered loop
Got lock
Sleeping
Woke up
Entered loop
Got lock
Sleeping
Woke up
Entered loop
Got lock
Sleeping
Woke up
Entered loop
Got lock
Sleeping
Woke up
Entered loop
Got lock
Sleeping
Woke up
Entered loop
Got lock
Sleeping
Woke up
Entered loop
Got lock
Sleeping
Woke up
Entered loop
Got lock
Sleeping
Woke up
Entered loop
Got lock
Sleeping
Woke up
Entered loop
Got lock
Sleeping
Woke up
Entered loop
Got lock
Sleeping
Woke up
Entered loop
Got lock
Sleeping
Woke up
Entered loop
Got lock
Sleeping
Woke up
Entered loop
Got lock
Sleeping
Woke up
Entered loop
Got lock
Sleeping
Woke up
Entered loop
Got lock
Sleeping
Woke up
Entered loop
Got lock
Sleeping
Woke up
Entered loop
Got lock
Sleeping
Woke up
Entered loop
Got lock
Sleeping
Woke up
Entered loop
Got lock
Sleeping
Woke up
Entered loop
Got lock
Sleeping
Woke up
Entered loop
Got lock
Sleeping
Woke up
Entered loop
Got lock
Sleeping
Woke up
Entered loop
Got lock
Sleeping
Woke up
Entered loop
Got lock
Sleeping
Woke up
Entered loop
Got lock
Sleeping
Woke up
Entered loop
Got lock
Sleeping
Woke up
Entered loop
Got lock
Sleeping
Woke up
Entered loop
Got lock
Sleeping
Woke up
Entered loop
Got lock
Sleeping
Woke up
Entered loop
Got lock
Sleeping
Woke up
Entered loop
Got lock
Sleeping
Woke up
Entered loop
Got lock
Sleeping
Woke up
Entered loop
Got lock
Sleeping
Woke up
Entered loop
Got lock
Sleeping
Woke up
Entered loop
Got lock
Sleeping
Woke up
Entered loop
Got lock
Sleeping
Woke up
Entered loop
Got lock
Sleeping
Woke up
Entered loop
Got lock
Sleeping
Woke up
Entered loop
Got lock
Sleeping
Woke up
Entered loop
Got lock
Sleeping
Woke up
Entered loop
Got lock
Sleeping
Woke up
Entered loop
Got lock
Sleeping
Woke up
Entered loop
Got lock
Sleeping
Woke up
Entered loop
Got lock
Sleeping
Woke up
Entered loop
Got lock
Sleeping
Woke up
Entered loop
Got lock
Sleeping
Woke up
Entered loop
Got lock
Sleeping
Woke up
Entered loop
Got lock
Sleeping
Woke up
Entered loop
Got lock
Sleeping
Woke up
Entered loop
Got lock
Sleeping
Woke up
Entered loop
Got lock
Sleeping
Woke up
Entered loop
Got lock
Sleeping
